<?xml version="1.0" encoding="UTF-8"?>
<!-- Generated by org.testng.reporters.JUnitXMLReporter -->
<testsuite ignored="0" hostname="SIPL2016-03" failures="0" tests="4" name="Parallel firefox test" time="2.579" errors="0" timestamp="2024-07-30T17:22:56 IST">
  <testcase classname="tests.MyAccountParallelTest" name="userRegitsersSuccessfully" time="0.001">
    <skipped/>
  </testcase> <!-- userRegitsersSuccessfully -->
  <testcase classname="tests.MyAccountParallelTest" name="userCanChangePassword" time="0.0">
    <skipped/>
  </testcase> <!-- userCanChangePassword -->
  <testcase classname="tests.MyAccountParallelTest" name="userLogout" time="0.0">
    <skipped/>
  </testcase> <!-- userLogout -->
  <testcase classname="tests.MyAccountParallelTest" name="userLogin" time="0.0">
    <skipped/>
  </testcase> <!-- userLogin -->
</testsuite> <!-- Parallel firefox test -->
